<?xml version="1.0" encoding="UTF-8"?>
<!-- Generated by org.testng.reporters.JUnitXMLReporter -->
<testsuite ignored="2" hostname="LAPTOP-2DHTLVVT" failures="0" tests="2" name="Test" time="0.078" errors="0" timestamp="2024-03-08T13:02:46 IST">
  <testcase classname="testingScripts.TestClass1" name="testcase1" time="0.011"/>
  <testcase classname="testingScripts.Testclass3" name="testcase3" time="0.002"/>
  <testcase classname="testingScripts.Testclass2" name="testcase2" time="0.0">
    <ignored/>
  </testcase> <!-- testcase2 -->
  <testcase classname="testingScripts.TestClass1" name="testcase2" time="0.0">
    <ignored/>
  </testcase> <!-- testcase2 -->
</testsuite> <!-- Test -->
