<?xml version="1.0" encoding="UTF-8"?>
<testng-results ignored="2" total="4" passed="2" failed="0" skipped="0">
  <reporter-output>
  </reporter-output>
  <suite started-at="2024-03-08T13:02:46 IST" name="Suite" finished-at="2024-03-08T13:02:46 IST" duration-ms="78">
    <groups>
      <group name="Regression">
        <method signature="Testclass3.testcase3()[pri:0, instance:testingScripts.Testclass3@59662a0b]" name="testcase3" class="testingScripts.Testclass3"/>
      </group> <!-- Regression -->
      <group name="smoke">
        <method signature="TestClass1.testcase1()[pri:0, instance:testingScripts.TestClass1@5c33f1a9]" name="testcase1" class="testingScripts.TestClass1"/>
        <method signature="Testclass3.testcase3()[pri:0, instance:testingScripts.Testclass3@59662a0b]" name="testcase3" class="testingScripts.Testclass3"/>
      </group> <!-- smoke -->
    </groups>
    <test started-at="2024-03-08T13:02:46 IST" name="Test" finished-at="2024-03-08T13:02:46 IST" duration-ms="78">
      <class name="testingScripts.Testclass3">
        <test-method signature="testcase3()[pri:0, instance:testingScripts.Testclass3@59662a0b]" started-at="2024-03-08T13:02:46 IST" name="testcase3" finished-at="2024-03-08T13:02:46 IST" duration-ms="2" status="PASS">
          <reporter-output>
          </reporter-output>
        </test-method> <!-- testcase3 -->
      </class> <!-- testingScripts.Testclass3 -->
      <class name="testingScripts.TestClass1">
        <test-method signature="testcase1()[pri:0, instance:testingScripts.TestClass1@5c33f1a9]" started-at="2024-03-08T13:02:46 IST" name="testcase1" finished-at="2024-03-08T13:02:46 IST" duration-ms="11" status="PASS">
          <reporter-output>
          </reporter-output>
        </test-method> <!-- testcase1 -->
      </class> <!-- testingScripts.TestClass1 -->
    </test> <!-- Test -->
  </suite> <!-- Suite -->
</testng-results>
